Arguments: 
  D:\software\nodejs\node.exe C:\Users\haha\AppData\Roaming\npm\node_modules\yarn\bin\yarn.js add semver —D

PATH: 
  C:\Windows\system32;C:\Windows;C:\Windows\System32\Wbem;C:\Windows\System32\WindowsPowerShell\v1.0\;C:\Windows\System32\OpenSSH\;D:\software\Git\cmd;D:\software\nodejs\;D:\software\Redis-x64-3.0.504;C:\Users\haha\AppData\Local\Microsoft\WindowsApps;;C:\Users\haha\AppData\Roaming\npm;D:\360Down\Microsoft VS Code\bin

Yarn version: 
  1.22.18

Node version: 
  14.15.3

Platform: 
  win32 x64

Trace: 
  TypeError [ERR_UNESCAPED_CHARACTERS]: Request path contains unescaped characters
      at new ClientRequest (_http_client.js:151:13)
      at Object.request (https.js:313:10)
      at Request.module.exports.Request.start (C:\Users\haha\AppData\Roaming\npm\node_modules\yarn\lib\cli.js:141445:32)
      at Request.module.exports.Request.end (C:\Users\haha\AppData\Roaming\npm\node_modules\yarn\lib\cli.js:142204:10)
      at end (C:\Users\haha\AppData\Roaming\npm\node_modules\yarn\lib\cli.js:141258:14)
      at Immediate._onImmediate (C:\Users\haha\AppData\Roaming\npm\node_modules\yarn\lib\cli.js:141272:7)
      at processImmediate (internal/timers.js:461:21)

npm manifest: 
  {
    "name": "command",
    "version": "1.0.2",
    "description": "> TODO: description",
    "author": "haha58 <9312877+haha58@user.noreply.gitee.com>",
    "homepage": "",
    "license": "ISC",
    "main": "lib/index.js",
    "directories": {
      "lib": "lib",
      "test": "__tests__"
    },
    "files": [
      "lib"
    ],
    "repository": {
      "type": "git",
      "url": "https://gitee.com/haha58/haha-cli-dev.git"
    },
    "scripts": {
      "test": "echo \"Error: run tests from root\" && exit 1"
    }
  }

yarn manifest: 
  No manifest

Lockfile: 
  No lockfile
